<?xml version="1.0" encoding="UTF-8"?>
<!-- Generated by org.testng.reporters.JUnitReportReporter -->
<testsuite skipped="0" hostname="LAPTOP-E3SMN2VM" name="com.training.sanity.tests.ELTC_012_TC001_TeacherUserLostPasswordtThenLoginTest" tests="1" failures="0" timestamp="2019-11-29T11:15:24 IST" time="36.133" errors="0">
  <testcase name="validLogoutTest" time="36.133" classname="com.training.sanity.tests.ELTC_012_TC001_TeacherUserLostPasswordtThenLoginTest"/>
</testsuite> <!-- com.training.sanity.tests.ELTC_012_TC001_TeacherUserLostPasswordtThenLoginTest -->
