<?xml version="1.0" encoding="UTF-8"?>
<!-- Generated by org.testng.reporters.JUnitReportReporter -->
<testsuite skipped="0" hostname="LAPTOP-E3SMN2VM" name="com.training.sanity.tests.ELTC_014_TC003_DisplayCourseDescription" tests="1" failures="0" timestamp="2019-11-28T20:22:40 IST" time="27.268" errors="0">
  <testcase name="validLoginTest" time="27.268" classname="com.training.sanity.tests.ELTC_014_TC003_DisplayCourseDescription"/>
</testsuite> <!-- com.training.sanity.tests.ELTC_014_TC003_DisplayCourseDescription -->
