<?xml version="1.0" encoding="UTF-8"?>
<!-- Generated by org.testng.reporters.JUnitReportReporter -->
<testsuite skipped="0" hostname="LAPTOP-E3SMN2VM" name="com.training.sanity.tests.ELTC_015_TC004_StudentUserLogoutTest" tests="1" failures="0" timestamp="2019-11-29T01:00:36 IST" time="36.933" errors="0">
  <testcase name="validLogoutTest" time="36.933" classname="com.training.sanity.tests.ELTC_015_TC004_StudentUserLogoutTest"/>
</testsuite> <!-- com.training.sanity.tests.ELTC_015_TC004_StudentUserLogoutTest -->
