<?xml version="1.0" encoding="UTF-8"?>
<!-- Generated by org.testng.reporters.JUnitReportReporter -->
<testsuite skipped="0" hostname="LAPTOP-E3SMN2VM" name="com.training.sanity.tests.LoginTests" tests="1" failures="0" timestamp="2019-11-28T18:19:52 IST" time="37.708" errors="0">
  <testcase name="validLoginTest" time="37.708" classname="com.training.sanity.tests.LoginTests"/>
</testsuite> <!-- com.training.sanity.tests.LoginTests -->
